# JRE version: Java(TM) SE Runtime Environment (8.0-b71) (build 1.8.0-ea-b71)
# Java VM: Java HotSpot(TM) Client VM (25.0-b14 mixed mode windows-x86 )
Heap
 def new generation   total 78656K, used 3942K [0x04640000, 0x09b90000, 0x09b90000)
  eden space 69952K,   5% used [0x04640000, 0x04a16b80, 0x08a90000)
  from space 8704K,   0% used [0x08a90000, 0x08a92e98, 0x09310000)
  to   space 8704K,   0% used [0x09310000, 0x09310000, 0x09b90000)
 tenured generation   total 174784K, used 151537K [0x09b90000, 0x14640000, 0x14640000)
   the space 174784K,  86% used [0x09b90000, 0x12f8c540, 0x12f8c600, 0x14640000)
 Metaspace total 4766K, used 4142K, reserved 8192K
  data space     4212K, used 3639K, reserved 6144K
  class space    554K, used 502K, reserved 2048K
GC Heap History (10 events):
Event: 49.790 GC heap before
{Heap before GC invocations=321 (full 11):
 def new generation   total 78656K, used 76454K [0x04640000, 0x09b90000, 0x09b90000)
  eden space 69952K, 100% used [0x04640000, 0x08a90000, 0x08a90000)
  from space 8704K,  74% used [0x08a90000, 0x090e9ac8, 0x09310000)
  to   space 8704K,   0% used [0x09310000, 0x09310000, 0x09b90000)
 tenured generation   total 174784K, used 164158K [0x09b90000, 0x14640000, 0x14640000)
   the space 174784K,  93% used [0x09b90000, 0x13bdfb28, 0x13bdfc00, 0x14640000)
 Metaspace total 4688K, used 4053K, reserved 8192K
  data space     4148K, used 3564K, reserved 6144K
  class space    540K, used 488K, reserved 2048K
Event: 49.828 GC heap after
Heap after GC invocations=322 (full 11):
 def new generation   total 78656K, used 6497K [0x04640000, 0x09b90000, 0x09b90000)
  eden space 69952K,   0% used [0x04640000, 0x04640000, 0x08a90000)
  from space 8704K,  74% used [0x09310000, 0x099687c0, 0x09b90000)
  to   space 8704K,   0% used [0x08a90000, 0x08a90000, 0x09310000)
 tenured generation   total 174784K, used 167415K [0x09b90000, 0x14640000, 0x14640000)
   the space 174784K,  95% used [0x09b90000, 0x13f0df98, 0x13f0e000, 0x14640000)
 Metaspace total 4688K, used 4053K, reserved 8192K
  data space     4148K, used 3564K, reserved 6144K
  class space    540K, used 488K, reserved 2048K
}
Event: 50.116 GC heap before
{Heap before GC invocations=322 (full 11):
 def new generation   total 78656K, used 76449K [0x04640000, 0x09b90000, 0x09b90000)
  eden space 69952K, 100% used [0x04640000, 0x08a90000, 0x08a90000)
  from space 8704K,  74% used [0x09310000, 0x099687c0, 0x09b90000)
  to   space 8704K,   0% used [0x08a90000, 0x08a90000, 0x09310000)
 tenured generation   total 174784K, used 167415K [0x09b90000, 0x14640000, 0x14640000)
   the space 174784K,  95% used [0x09b90000, 0x13f0df98, 0x13f0e000, 0x14640000)
 Metaspace total 4688K, used 4053K, reserved 8192K
  data space     4148K, used 3564K, reserved 6144K
  class space    540K, used 488K, reserved 2048K
Event: 50.155 GC heap after
Heap after GC invocations=323 (full 11):
 def new generation   total 78656K, used 6501K [0x04640000, 0x09b90000, 0x09b90000)
  eden space 69952K,   0% used [0x04640000, 0x04640000, 0x08a90000)
  from space 8704K,  74% used [0x08a90000, 0x090e95a8, 0x09310000)
  to   space 8704K,   0% used [0x09310000, 0x09310000, 0x09b90000)
 tenured generation   total 174784K, used 170658K [0x09b90000, 0x14640000, 0x14640000)
   the space 174784K,  97% used [0x09b90000, 0x14238878, 0x14238a00, 0x14640000)
 Metaspace total 4688K, used 4053K, reserved 8192K
  data space     4148K, used 3564K, reserved 6144K
  class space    540K, used 488K, reserved 2048K
}
Event: 54.479 GC heap before
{Heap before GC invocations=323 (full 11):
 def new generation   total 78656K, used 76453K [0x04640000, 0x09b90000, 0x09b90000)
  eden space 69952K, 100% used [0x04640000, 0x08a90000, 0x08a90000)
  from space 8704K,  74% used [0x08a90000, 0x090e95a8, 0x09310000)
  to   space 8704K,   0% used [0x09310000, 0x09310000, 0x09b90000)
 tenured generation   total 174784K, used 170658K [0x09b90000, 0x14640000, 0x14640000)
   the space 174784K,  97% used [0x09b90000, 0x14238878, 0x14238a00, 0x14640000)
 Metaspace total 4722K, used 4070K, reserved 8192K
  data space     4180K, used 3578K, reserved 6144K
  class space    542K, used 491K, reserved 2048K
Event: 55.136 GC heap after
Heap after GC invocations=324 (full 12):
 def new generation   total 78656K, used 0K [0x04640000, 0x09b90000, 0x09b90000)
  eden space 69952K,   0% used [0x04640000, 0x04640000, 0x08a90000)
  from space 8704K,   0% used [0x08a90000, 0x08a90000, 0x09310000)
  to   space 8704K,   0% used [0x09310000, 0x09310000, 0x09b90000)
 tenured generation   total 174784K, used 151537K [0x09b90000, 0x14640000, 0x14640000)
   the space 174784K,  86% used [0x09b90000, 0x12f8c540, 0x12f8c600, 0x14640000)
 Metaspace total 4722K, used 4070K, reserved 8192K
  data space     4180K, used 3578K, reserved 6144K
  class space    542K, used 491K, reserved 2048K
}
Event: 102.575 GC heap before
{Heap before GC invocations=324 (full 12):
 def new generation   total 78656K, used 69952K [0x04640000, 0x09b90000, 0x09b90000)
  eden space 69952K, 100% used [0x04640000, 0x08a90000, 0x08a90000)
  from space 8704K,   0% used [0x08a90000, 0x08a90000, 0x09310000)
  to   space 8704K,   0% used [0x09310000, 0x09310000, 0x09b90000)
 tenured generation   total 174784K, used 151537K [0x09b90000, 0x14640000, 0x14640000)
   the space 174784K,  86% used [0x09b90000, 0x12f8c540, 0x12f8c600, 0x14640000)
 Metaspace total 4766K, used 4120K, reserved 8192K
  data space     4212K, used 3618K, reserved 6144K
  class space    554K, used 501K, reserved 2048K
Event: 102.597 GC heap after
Heap after GC invocations=325 (full 12):
 def new generation   total 78656K, used 67K [0x04640000, 0x09b90000, 0x09b90000)
  eden space 69952K,   0% used [0x04640000, 0x04640000, 0x08a90000)
  from space 8704K,   0% used [0x09310000, 0x09320f88, 0x09b90000)
  to   space 8704K,   0% used [0x08a90000, 0x08a90000, 0x09310000)
 tenured generation   total 174784K, used 151537K [0x09b90000, 0x14640000, 0x14640000)
   the space 174784K,  86% used [0x09b90000, 0x12f8c540, 0x12f8c600, 0x14640000)
 Metaspace total 4766K, used 4120K, reserved 8192K
  data space     4212K, used 3618K, reserved 6144K
  class space    554K, used 501K, reserved 2048K
}
Event: 149.651 GC heap before
{Heap before GC invocations=325 (full 12):
 def new generation   total 78656K, used 70019K [0x04640000, 0x09b90000, 0x09b90000)
  eden space 69952K, 100% used [0x04640000, 0x08a90000, 0x08a90000)
  from space 8704K,   0% used [0x09310000, 0x09320f88, 0x09b90000)
  to   space 8704K,   0% used [0x08a90000, 0x08a90000, 0x09310000)
 tenured generation   total 174784K, used 151537K [0x09b90000, 0x14640000, 0x14640000)
   the space 174784K,  86% used [0x09b90000, 0x12f8c540, 0x12f8c600, 0x14640000)
 Metaspace total 4766K, used 4134K, reserved 8192K
  data space     4212K, used 3632K, reserved 6144K
  class space    554K, used 502K, reserved 2048K
Event: 149.662 GC heap after
Heap after GC invocations=326 (full 12):
 def new generation   total 78656K, used 11K [0x04640000, 0x09b90000, 0x09b90000)
  eden space 69952K,   0% used [0x04640000, 0x04640000, 0x08a90000)
  from space 8704K,   0% used [0x08a90000, 0x08a92e98, 0x09310000)
  to   space 8704K,   0% used [0x09310000, 0x09310000, 0x09b90000)
 tenured generation   total 174784K, used 151537K [0x09b90000, 0x14640000, 0x14640000)
   the space 174784K,  86% used [0x09b90000, 0x12f8c540, 0x12f8c600, 0x14640000)
 Metaspace total 4766K, used 4134K, reserved 8192K
  data space     4212K, used 3632K, reserved 6144K
  class space    554K, used 502K, reserved 2048K
}

